[2019-05-30 11:53:24,946][Thread-7:139664887379712][task_id:django.server][basehttp.py:124][INFO]["GET /asset/update/5/ HTTP/1.1" 200 4806]
[2019-05-30 11:53:25,104][Thread-8:139664878987008][task_id:django.server][basehttp.py:124][WARNING]["GET /static/asset/css/bootstrap.min.css.map HTTP/1.1" 404 1706]
[2019-05-30 11:53:26,381][Thread-9:139664878987008][task_id:django.server][basehttp.py:124][INFO]["GET /asset/update/5/ HTTP/1.1" 200 4806]
[2019-05-30 11:53:26,648][Thread-10:139664878987008][task_id:django.server][basehttp.py:124][WARNING]["GET /static/asset/css/bootstrap.min.css.map HTTP/1.1" 404 1706]
[2019-05-30 11:53:28,213][Thread-11:139664878987008][task_id:django.server][basehttp.py:124][INFO]["GET /asset/ HTTP/1.1" 200 6982]
[2019-05-30 11:53:28,346][Thread-12:139664887379712][task_id:django.server][basehttp.py:124][WARNING]["GET /static/asset/css/bootstrap.min.css.map HTTP/1.1" 404 1706]
[2019-05-30 11:53:28,967][Thread-13:139664887379712][task_id:django.server][basehttp.py:124][INFO]["GET /asset/tailf/ HTTP/1.1" 200 5610]
[2019-05-30 11:53:29,234][Thread-14:139664887379712][task_id:django.server][basehttp.py:124][WARNING]["GET /static/asset/css/bootstrap.min.css.map HTTP/1.1" 404 1706]
[2019-05-30 11:53:31,423][Thread-15:139664887379712][task_id:django.server][basehttp.py:124][INFO]["GET /asset/ HTTP/1.1" 200 6982]
[2019-05-30 11:53:31,555][Thread-16:139664878987008][task_id:django.server][basehttp.py:124][WARNING]["GET /static/asset/css/bootstrap.min.css.map HTTP/1.1" 404 1706]
[2019-05-30 11:53:32,545][Thread-17:139664878987008][task_id:django.server][basehttp.py:124][INFO]["GET /asset/update/5/ HTTP/1.1" 200 4806]
[2019-05-30 11:53:32,809][Thread-18:139664878987008][task_id:django.server][basehttp.py:124][WARNING]["GET /static/asset/css/bootstrap.min.css.map HTTP/1.1" 404 1706]
[2019-05-30 11:53:34,064][Thread-19:139664878987008][task_id:django.server][basehttp.py:124][INFO]["POST /asset/update/5/ HTTP/1.1" 302 0]
[2019-05-30 11:53:34,087][Thread-20:139664887379712][task_id:django.server][basehttp.py:124][INFO]["GET /asset/ HTTP/1.1" 200 6982]
[2019-05-30 11:53:34,293][Thread-21:139664887379712][task_id:django.server][basehttp.py:124][WARNING]["GET /static/asset/css/bootstrap.min.css.map HTTP/1.1" 404 1706]
[2019-05-30 11:53:44,172][Thread-22:139664887379712][task_id:django.server][basehttp.py:124][INFO]["GET /asset/ HTTP/1.1" 200 6982]
[2019-05-30 11:53:49,691][Thread-23:139664878987008][task_id:django.server][basehttp.py:124][WARNING]["GET /static/asset/css/bootstrap.min.css.map HTTP/1.1" 404 1706]
[2019-05-30 11:56:24,339][Thread-25:139664887379712][task_id:django.server][basehttp.py:124][INFO]["GET /asset/ HTTP/1.1" 200 6982]
[2019-05-30 11:56:24,493][Thread-26:139664878987008][task_id:django.server][basehttp.py:124][WARNING]["GET /static/asset/css/bootstrap.min.css.map HTTP/1.1" 404 1706]
[2019-05-30 11:57:02,014][Thread-28:139664878987008][task_id:django.server][basehttp.py:124][INFO]["GET /asset/ HTTP/1.1" 200 6982]
[2019-05-30 11:57:02,149][Thread-29:139664887379712][task_id:django.server][basehttp.py:124][WARNING]["GET /static/asset/css/bootstrap.min.css.map HTTP/1.1" 404 1706]
[2019-05-30 12:00:25,711][Thread-31:139664887379712][task_id:django.server][basehttp.py:124][INFO]["GET /asset/ HTTP/1.1" 200 7028]
[2019-05-30 12:00:25,873][Thread-32:139664878987008][task_id:django.server][basehttp.py:124][WARNING]["GET /static/asset/css/bootstrap.min.css.map HTTP/1.1" 404 1706]
[2019-05-30 12:02:44,543][Thread-34:139664878987008][task_id:django.server][basehttp.py:124][INFO]["GET /asset/update/5/ HTTP/1.1" 200 4806]
[2019-05-30 12:02:44,707][Thread-35:139664887379712][task_id:django.server][basehttp.py:124][WARNING]["GET /static/asset/css/bootstrap.min.css.map HTTP/1.1" 404 1706]
[2019-05-30 12:03:01,232][Thread-37:139664887379712][task_id:django.server][basehttp.py:124][INFO]["GET /asset/update/5/ HTTP/1.1" 200 4806]
[2019-05-30 12:03:01,397][Thread-38:139664878987008][task_id:django.server][basehttp.py:124][WARNING]["GET /static/asset/css/bootstrap.min.css.map HTTP/1.1" 404 1706]
[2019-05-30 12:03:41,605][Thread-40:139664878987008][task_id:django.server][basehttp.py:124][INFO]["GET /media HTTP/1.1" 301 0]
[2019-05-30 12:03:41,616][Thread-41:139664878987008][task_id:django.request][base.py:152][WARNING][Not Found: /media/]
[2019-05-30 12:03:41,618][Thread-41:139664878987008][task_id:django.server][basehttp.py:124][WARNING]["GET /media/ HTTP/1.1" 404 1710]
[2019-05-30 12:03:47,657][Thread-42:139664878987008][task_id:django.request][base.py:152][WARNING][Not Found: /media/logs]
[2019-05-30 12:03:47,658][Thread-42:139664878987008][task_id:django.server][basehttp.py:124][WARNING]["GET /media/logs HTTP/1.1" 404 1718]
[2019-05-30 12:04:15,133][Thread-44:139664878987008][task_id:django.request][base.py:152][WARNING][Not Found: /media/logs/errors]
[2019-05-30 12:04:15,134][Thread-44:139664878987008][task_id:django.server][basehttp.py:124][WARNING]["GET /media/logs/errors HTTP/1.1" 404 1763]
[2019-05-30 12:04:19,357][Thread-45:139664887379712][task_id:django.request][base.py:152][WARNING][Not Found: /media/logs/errors.log]
[2019-05-30 12:04:19,358][Thread-45:139664887379712][task_id:django.server][basehttp.py:124][WARNING]["GET /media/logs/errors.log HTTP/1.1" 404 1775]
